<?xml version="1.0" encoding="UTF-8"?>
<testng-results skipped="0" failed="0" ignored="0" total="0" passed="0">
  <reporter-output>
  </reporter-output>
  <suite name="com.techfios.qa.techfios_testng.AppTest" duration-ms="7" started-at="2020-03-14T19:59:33 CDT" finished-at="2020-03-14T19:59:33 CDT">
    <groups>
    </groups>
    <test name="Command line test" duration-ms="7" started-at="2020-03-14T19:59:33 CDT" finished-at="2020-03-14T19:59:33 CDT">
    </test> <!-- Command line test -->
  </suite> <!-- com.techfios.qa.techfios_testng.AppTest -->
</testng-results>
